I, [2021-09-12T19:59:25.751500 #82733]  INFO -- : Registered expected interaction GET /animals/available
D, [2021-09-12T19:59:25.751684 #82733] DEBUG -- : {
  "description": "a request for all animals",
  "providerState": "is not authenticated",
  "request": {
    "method": "GET",
    "path": "/animals/available"
  },
  "response": {
    "status": 401,
    "headers": {
    }
  },
  "metadata": null
}
I, [2021-09-12T19:59:25.766485 #82733]  INFO -- : Received request GET /animals/available
D, [2021-09-12T19:59:25.766592 #82733] DEBUG -- : {
  "path": "/animals/available",
  "query": "",
  "method": "get",
  "headers": {
    "Host": "localhost:64228",
    "Accept-Encoding": "gzip, deflate",
    "User-Agent": "node-superagent/3.8.3",
    "Authorization": "Bearer token",
    "Connection": "close",
    "Version": "HTTP/1.1"
  }
}
I, [2021-09-12T19:59:25.766881 #82733]  INFO -- : Found matching response for GET /animals/available
D, [2021-09-12T19:59:25.766952 #82733] DEBUG -- : {
  "status": 401,
  "headers": {
  }
}
I, [2021-09-12T19:59:25.773664 #82733]  INFO -- : Verifying - interactions matched
I, [2021-09-12T19:59:25.778555 #82733]  INFO -- : Cleared interactions
I, [2021-09-12T19:59:25.784602 #82733]  INFO -- : Registered expected interaction GET /animals/available
D, [2021-09-12T19:59:25.784826 #82733] DEBUG -- : {
  "description": "a request for all animals",
  "providerState": "Has some animals",
  "request": {
    "method": "GET",
    "path": "/animals/available",
    "headers": {
      "Authorization": "Bearer token"
    }
  },
  "response": {
    "status": 200,
    "headers": {
      "Content-Type": "application/json; charset=utf-8"
    },
    "body": {
      "json_class": "Pact::ArrayLike",
      "contents": {
        "id": {
          "json_class": "Pact::SomethingLike",
          "contents": 1
        },
        "available_from": {
          "json_class": "Pact::Term",
          "data": {
            "generate": "2015-08-06T16:53:10.123+01:00",
            "matcher": {
              "json_class": "Regexp",
              "o": 0,
              "s": "^\\d{4}-[01]\\d-[0-3]\\dT[0-2]\\d:[0-5]\\d:[0-5]\\d\\.\\d+([+-][0-2]\\d(:?[0-5]\\d)?|Z)$"
            }
          }
        },
        "first_name": {
          "json_class": "Pact::SomethingLike",
          "contents": "Billy"
        },
        "last_name": {
          "json_class": "Pact::SomethingLike",
          "contents": "Goat"
        },
        "animal": {
          "json_class": "Pact::SomethingLike",
          "contents": "goat"
        },
        "age": {
          "json_class": "Pact::SomethingLike",
          "contents": 21
        },
        "gender": {
          "json_class": "Pact::Term",
          "data": {
            "generate": "M",
            "matcher": {
              "json_class": "Regexp",
              "o": 0,
              "s": "F|M"
            }
          }
        },
        "location": {
          "description": {
            "json_class": "Pact::SomethingLike",
            "contents": "Melbourne Zoo"
          },
          "country": {
            "json_class": "Pact::SomethingLike",
            "contents": "Australia"
          },
          "post_code": {
            "json_class": "Pact::SomethingLike",
            "contents": 3000
          }
        },
        "eligibility": {
          "available": {
            "json_class": "Pact::SomethingLike",
            "contents": true
          },
          "previously_married": {
            "json_class": "Pact::SomethingLike",
            "contents": false
          }
        },
        "interests": {
          "json_class": "Pact::ArrayLike",
          "contents": "walks in the garden/meadow",
          "min": 1
        }
      },
      "min": 2
    }
  },
  "metadata": null
}
I, [2021-09-12T19:59:25.790244 #82733]  INFO -- : Received request GET /animals/available
D, [2021-09-12T19:59:25.790362 #82733] DEBUG -- : {
  "path": "/animals/available",
  "query": "",
  "method": "get",
  "headers": {
    "Host": "localhost:64228",
    "Accept-Encoding": "gzip, deflate",
    "User-Agent": "node-superagent/3.8.3",
    "Authorization": "Bearer token",
    "Connection": "close",
    "Version": "HTTP/1.1"
  }
}
I, [2021-09-12T19:59:25.790667 #82733]  INFO -- : Found matching response for GET /animals/available
D, [2021-09-12T19:59:25.790935 #82733] DEBUG -- : {
  "status": 200,
  "headers": {
    "Content-Type": "application/json; charset=utf-8"
  },
  "body": {
    "json_class": "Pact::ArrayLike",
    "contents": {
      "id": {
        "json_class": "Pact::SomethingLike",
        "contents": 1
      },
      "available_from": {
        "json_class": "Pact::Term",
        "data": {
          "generate": "2015-08-06T16:53:10.123+01:00",
          "matcher": {
            "json_class": "Regexp",
            "o": 0,
            "s": "^\\d{4}-[01]\\d-[0-3]\\dT[0-2]\\d:[0-5]\\d:[0-5]\\d\\.\\d+([+-][0-2]\\d(:?[0-5]\\d)?|Z)$"
          }
        }
      },
      "first_name": {
        "json_class": "Pact::SomethingLike",
        "contents": "Billy"
      },
      "last_name": {
        "json_class": "Pact::SomethingLike",
        "contents": "Goat"
      },
      "animal": {
        "json_class": "Pact::SomethingLike",
        "contents": "goat"
      },
      "age": {
        "json_class": "Pact::SomethingLike",
        "contents": 21
      },
      "gender": {
        "json_class": "Pact::Term",
        "data": {
          "generate": "M",
          "matcher": {
            "json_class": "Regexp",
            "o": 0,
            "s": "F|M"
          }
        }
      },
      "location": {
        "description": {
          "json_class": "Pact::SomethingLike",
          "contents": "Melbourne Zoo"
        },
        "country": {
          "json_class": "Pact::SomethingLike",
          "contents": "Australia"
        },
        "post_code": {
          "json_class": "Pact::SomethingLike",
          "contents": 3000
        }
      },
      "eligibility": {
        "available": {
          "json_class": "Pact::SomethingLike",
          "contents": true
        },
        "previously_married": {
          "json_class": "Pact::SomethingLike",
          "contents": false
        }
      },
      "interests": {
        "json_class": "Pact::ArrayLike",
        "contents": "walks in the garden/meadow",
        "min": 1
      }
    },
    "min": 2
  }
}
I, [2021-09-12T19:59:25.799140 #82733]  INFO -- : Verifying - interactions matched
I, [2021-09-12T19:59:25.803587 #82733]  INFO -- : Cleared interactions
I, [2021-09-12T19:59:25.809752 #82733]  INFO -- : Registered expected interaction GET /animals/1
D, [2021-09-12T19:59:25.810119 #82733] DEBUG -- : {
  "description": "a request for an animal with ID 1",
  "providerState": "Has an animal with ID 1",
  "request": {
    "method": "GET",
    "path": {
      "json_class": "Pact::Term",
      "data": {
        "generate": "/animals/1",
        "matcher": {
          "json_class": "Regexp",
          "o": 0,
          "s": "/animals/[0-9]+"
        }
      }
    },
    "headers": {
      "Authorization": "Bearer token"
    }
  },
  "response": {
    "status": 200,
    "headers": {
      "Content-Type": "application/json; charset=utf-8"
    },
    "body": {
      "id": {
        "json_class": "Pact::SomethingLike",
        "contents": 1
      },
      "available_from": {
        "json_class": "Pact::Term",
        "data": {
          "generate": "2015-08-06T16:53:10.123+01:00",
          "matcher": {
            "json_class": "Regexp",
            "o": 0,
            "s": "^\\d{4}-[01]\\d-[0-3]\\dT[0-2]\\d:[0-5]\\d:[0-5]\\d\\.\\d+([+-][0-2]\\d(:?[0-5]\\d)?|Z)$"
          }
        }
      },
      "first_name": {
        "json_class": "Pact::SomethingLike",
        "contents": "Billy"
      },
      "last_name": {
        "json_class": "Pact::SomethingLike",
        "contents": "Goat"
      },
      "animal": {
        "json_class": "Pact::SomethingLike",
        "contents": "goat"
      },
      "age": {
        "json_class": "Pact::SomethingLike",
        "contents": 21
      },
      "gender": {
        "json_class": "Pact::Term",
        "data": {
          "generate": "M",
          "matcher": {
            "json_class": "Regexp",
            "o": 0,
            "s": "F|M"
          }
        }
      },
      "location": {
        "description": {
          "json_class": "Pact::SomethingLike",
          "contents": "Melbourne Zoo"
        },
        "country": {
          "json_class": "Pact::SomethingLike",
          "contents": "Australia"
        },
        "post_code": {
          "json_class": "Pact::SomethingLike",
          "contents": 3000
        }
      },
      "eligibility": {
        "available": {
          "json_class": "Pact::SomethingLike",
          "contents": true
        },
        "previously_married": {
          "json_class": "Pact::SomethingLike",
          "contents": false
        }
      },
      "interests": {
        "json_class": "Pact::ArrayLike",
        "contents": "walks in the garden/meadow",
        "min": 1
      }
    }
  },
  "metadata": null
}
I, [2021-09-12T19:59:25.815077 #82733]  INFO -- : Received request GET /animals/11
D, [2021-09-12T19:59:25.815215 #82733] DEBUG -- : {
  "path": "/animals/11",
  "query": "",
  "method": "get",
  "headers": {
    "Host": "localhost:64228",
    "Accept-Encoding": "gzip, deflate",
    "User-Agent": "node-superagent/3.8.3",
    "Authorization": "Bearer token",
    "Connection": "close",
    "Version": "HTTP/1.1"
  }
}
I, [2021-09-12T19:59:25.815420 #82733]  INFO -- : Found matching response for GET /animals/1
D, [2021-09-12T19:59:25.815697 #82733] DEBUG -- : {
  "status": 200,
  "headers": {
    "Content-Type": "application/json; charset=utf-8"
  },
  "body": {
    "id": {
      "json_class": "Pact::SomethingLike",
      "contents": 1
    },
    "available_from": {
      "json_class": "Pact::Term",
      "data": {
        "generate": "2015-08-06T16:53:10.123+01:00",
        "matcher": {
          "json_class": "Regexp",
          "o": 0,
          "s": "^\\d{4}-[01]\\d-[0-3]\\dT[0-2]\\d:[0-5]\\d:[0-5]\\d\\.\\d+([+-][0-2]\\d(:?[0-5]\\d)?|Z)$"
        }
      }
    },
    "first_name": {
      "json_class": "Pact::SomethingLike",
      "contents": "Billy"
    },
    "last_name": {
      "json_class": "Pact::SomethingLike",
      "contents": "Goat"
    },
    "animal": {
      "json_class": "Pact::SomethingLike",
      "contents": "goat"
    },
    "age": {
      "json_class": "Pact::SomethingLike",
      "contents": 21
    },
    "gender": {
      "json_class": "Pact::Term",
      "data": {
        "generate": "M",
        "matcher": {
          "json_class": "Regexp",
          "o": 0,
          "s": "F|M"
        }
      }
    },
    "location": {
      "description": {
        "json_class": "Pact::SomethingLike",
        "contents": "Melbourne Zoo"
      },
      "country": {
        "json_class": "Pact::SomethingLike",
        "contents": "Australia"
      },
      "post_code": {
        "json_class": "Pact::SomethingLike",
        "contents": 3000
      }
    },
    "eligibility": {
      "available": {
        "json_class": "Pact::SomethingLike",
        "contents": true
      },
      "previously_married": {
        "json_class": "Pact::SomethingLike",
        "contents": false
      }
    },
    "interests": {
      "json_class": "Pact::ArrayLike",
      "contents": "walks in the garden/meadow",
      "min": 1
    }
  }
}
I, [2021-09-12T19:59:25.820921 #82733]  INFO -- : Verifying - interactions matched
I, [2021-09-12T19:59:25.825658 #82733]  INFO -- : Cleared interactions
I, [2021-09-12T19:59:25.831441 #82733]  INFO -- : Registered expected interaction GET /animals/100
D, [2021-09-12T19:59:25.831594 #82733] DEBUG -- : {
  "description": "a request for an animal with ID 100",
  "providerState": "Has no animals",
  "request": {
    "method": "GET",
    "path": "/animals/100",
    "headers": {
      "Authorization": "Bearer token"
    }
  },
  "response": {
    "status": 404,
    "headers": {
    }
  },
  "metadata": null
}
I, [2021-09-12T19:59:25.837343 #82733]  INFO -- : Received request GET /animals/100
D, [2021-09-12T19:59:25.837478 #82733] DEBUG -- : {
  "path": "/animals/100",
  "query": "",
  "method": "get",
  "headers": {
    "Host": "localhost:64228",
    "Accept-Encoding": "gzip, deflate",
    "User-Agent": "node-superagent/3.8.3",
    "Authorization": "Bearer token",
    "Connection": "close",
    "Version": "HTTP/1.1"
  }
}
I, [2021-09-12T19:59:25.837631 #82733]  INFO -- : Found matching response for GET /animals/100
D, [2021-09-12T19:59:25.837690 #82733] DEBUG -- : {
  "status": 404,
  "headers": {
  }
}
I, [2021-09-12T19:59:25.842536 #82733]  INFO -- : Verifying - interactions matched
I, [2021-09-12T19:59:25.847124 #82733]  INFO -- : Cleared interactions
I, [2021-09-12T19:59:25.853311 #82733]  INFO -- : Registered expected interaction POST /animals
D, [2021-09-12T19:59:25.853472 #82733] DEBUG -- : {
  "description": "a request to create a new mate",
  "request": {
    "method": "POST",
    "path": "/animals",
    "headers": {
      "Content-Type": "application/json; charset=utf-8"
    },
    "body": {
      "json_class": "Pact::SomethingLike",
      "contents": {
        "id": 2,
        "available_from": "2017-12-04T14:47:18.582Z",
        "first_name": "Nanny",
        "animal": "goat",
        "last_name": "Doe",
        "age": 27,
        "gender": "F",
        "location": {
          "description": "Werribee Zoo",
          "country": "Australia",
          "post_code": 3000
        },
        "eligibility": {
          "available": true,
          "previously_married": true
        },
        "interests": [
          "walks in the garden/meadow",
          "parkour"
        ]
      }
    }
  },
  "response": {
    "status": 200,
    "headers": {
      "Content-Type": "application/json; charset=utf-8"
    },
    "body": {
      "json_class": "Pact::SomethingLike",
      "contents": {
        "id": 2,
        "available_from": "2017-12-04T14:47:18.582Z",
        "first_name": "Nanny",
        "animal": "goat",
        "last_name": "Doe",
        "age": 27,
        "gender": "F",
        "location": {
          "description": "Werribee Zoo",
          "country": "Australia",
          "post_code": 3000
        },
        "eligibility": {
          "available": true,
          "previously_married": true
        },
        "interests": [
          "walks in the garden/meadow",
          "parkour"
        ]
      }
    }
  },
  "metadata": null
}
I, [2021-09-12T19:59:25.859229 #82733]  INFO -- : Received request POST /animals
D, [2021-09-12T19:59:25.859499 #82733] DEBUG -- : {
  "path": "/animals",
  "query": "",
  "method": "post",
  "body": {
    "id": 2,
    "available_from": "2017-12-04T14:47:18.582Z",
    "first_name": "Nanny",
    "animal": "goat",
    "last_name": "Doe",
    "age": 27,
    "gender": "F",
    "location": {
      "description": "Werribee Zoo",
      "country": "Australia",
      "post_code": 3000
    },
    "eligibility": {
      "available": true,
      "previously_married": true
    },
    "interests": [
      "walks in the garden/meadow",
      "parkour"
    ]
  },
  "headers": {
    "Content-Length": "322",
    "Content-Type": "application/json; charset=utf-8",
    "Host": "localhost:64228",
    "Accept-Encoding": "gzip, deflate",
    "User-Agent": "node-superagent/3.8.3",
    "Connection": "close",
    "Version": "HTTP/1.1"
  }
}
I, [2021-09-12T19:59:25.860017 #82733]  INFO -- : Found matching response for POST /animals
D, [2021-09-12T19:59:25.860161 #82733] DEBUG -- : {
  "status": 200,
  "headers": {
    "Content-Type": "application/json; charset=utf-8"
  },
  "body": {
    "json_class": "Pact::SomethingLike",
    "contents": {
      "id": 2,
      "available_from": "2017-12-04T14:47:18.582Z",
      "first_name": "Nanny",
      "animal": "goat",
      "last_name": "Doe",
      "age": 27,
      "gender": "F",
      "location": {
        "description": "Werribee Zoo",
        "country": "Australia",
        "post_code": 3000
      },
      "eligibility": {
        "available": true,
        "previously_married": true
      },
      "interests": [
        "walks in the garden/meadow",
        "parkour"
      ]
    }
  }
}
I, [2021-09-12T19:59:25.864748 #82733]  INFO -- : Verifying - interactions matched
I, [2021-09-12T19:59:25.869779 #82733]  INFO -- : Cleared interactions
I, [2021-09-12T19:59:25.874644 #82733]  INFO -- : Writing pact for Animal Profile Service to /Users/laymui/dev/taiger/pactjs-jest/pacts/matching_service-animal_profile_service.json
